<?xml version="1.0" encoding="UTF-8"?>
<!-- Generated by org.testng.reporters.JUnitReportReporter -->
<testsuite hostname="selenium19" failures="0" tests="4" name="testscripts.GoogleSearchTest" time="8.297" errors="0" timestamp="2024-12-12T13:17:12 IST" skipped="2">
  <testcase classname="testscripts.GoogleSearchTest" name="cucumbersearch" time="4.197"/>
  <system-out/>
  <testcase classname="testscripts.GoogleSearchTest" name="seleniumsearch" time="4.100"/>
  <system-out/>
  <testcase classname="testscripts.GoogleSearchTest" name="javasearch">
    <skipped/>
  </testcase> <!-- javasearch -->
  <system-out/>
  <testcase classname="testscripts.GoogleSearchTest" name="appiumsearch">
    <skipped/>
  </testcase> <!-- appiumsearch -->
  <system-out/>
</testsuite> <!-- testscripts.GoogleSearchTest -->
