<?xml version="1.0" encoding="UTF-8"?>
<!-- Generated by org.testng.reporters.JUnitReportReporter -->
<testsuite hostname="selenium19" failures="0" tests="1" name="testscripts.CDPTest" time="8.533" errors="0" timestamp="2024-12-17T13:25:50 IST" skipped="0">
  <testcase classname="testscripts.CDPTest" name="geoLocationTest" time="8.533"/>
  <system-out/>
</testsuite> <!-- testscripts.CDPTest -->
