<?xml version="1.0" encoding="UTF-8"?>
<!-- Generated by org.testng.reporters.JUnitReportReporter -->
<testsuite hostname="selenium19" failures="0" tests="4" name="ParllellScripts.SampleTwoTest" time="0.024" errors="0" timestamp="2024-12-13T13:20:46 IST" skipped="0">
  <testcase classname="ParllellScripts.SampleTwoTest" name="testOne" time="0.006"/>
  <system-out/>
  <testcase classname="ParllellScripts.SampleTwoTest" name="testFour" time="0.002"/>
  <system-out/>
  <testcase classname="ParllellScripts.SampleTwoTest" name="testthree" time="0.015"/>
  <system-out/>
  <testcase classname="ParllellScripts.SampleTwoTest" name="testTwo" time="0.001"/>
  <system-out/>
</testsuite> <!-- ParllellScripts.SampleTwoTest -->
