<?xml version="1.0" encoding="UTF-8"?>
<!-- Generated by org.testng.reporters.JUnitReportReporter -->
<testsuite hostname="selenium19" failures="0" tests="4" name="ParllellScripts.SampleThreeTest" time="0.042" errors="0" timestamp="2024-12-13T13:20:46 IST" skipped="0">
  <testcase classname="ParllellScripts.SampleThreeTest" name="testFour" time="0.024"/>
  <system-out/>
  <testcase classname="ParllellScripts.SampleThreeTest" name="testTwo" time="0.003"/>
  <system-out/>
  <testcase classname="ParllellScripts.SampleThreeTest" name="testthree" time="0.010"/>
  <system-out/>
  <testcase classname="ParllellScripts.SampleThreeTest" name="testOne" time="0.005"/>
  <system-out/>
</testsuite> <!-- ParllellScripts.SampleThreeTest -->
