<?xml version="1.0" encoding="UTF-8"?>
<!-- Generated by org.testng.reporters.JUnitReportReporter -->
<testsuite hostname="selenium19" failures="0" tests="1" name="testscripts.JSExecTest" time="11.177" errors="0" timestamp="2024-12-12T12:54:00 IST" skipped="0">
  <testcase classname="testscripts.JSExecTest" name="f" time="11.177"/>
  <system-out/>
</testsuite> <!-- testscripts.JSExecTest -->
